<?xml version="1.0" encoding="UTF-8"?>
<testsuite name="Enviar peticion get" tests="1" skipped="0" failures="0" errors="0" timestamp="2023-04-03T20:13:15" hostname="PSOFKA0166" time="0.759">
  <properties/>
  <testcase name="Enviar peticion" classname="Enviar peticion get" time="0.759"/>
  <system-out><![CDATA[2023-04-03 15:13:16 INFO  GetNotFoundStepDefinitions:42 Codigo de respuesta: 404
]]></system-out>
  <system-err><![CDATA[]]></system-err>
</testsuite>
