<?xml version="1.0" encoding="UTF-8"?>
<testsuite name="Actualizar usuario patch" tests="1" skipped="0" failures="0" errors="0" timestamp="2023-04-04T16:55:18" hostname="PSOFKA01075" time="5.142">
  <properties/>
  <testcase name="Actualizar usuario patch" classname="Actualizar usuario patch" time="5.142"/>
  <system-out><![CDATA[2023-04-04 11:55:23 INFO  PutActualizarUsuarioStepDefinitions:64 Codigo de respuesta: 200
]]></system-out>
  <system-err><![CDATA[]]></system-err>
</testsuite>
