<?xml version="1.0" encoding="UTF-8"?>
<testsuite name="Eliminar usuario" tests="1" skipped="0" failures="0" errors="0" timestamp="2023-04-03T20:13:03" hostname="PSOFKA0166" time="10.369">
  <properties/>
  <testcase name="Eliminar usuario" classname="Eliminar usuario" time="10.369"/>
  <system-out><![CDATA[2023-04-03 15:13:13 INFO  PutActualizarUsuarioStepDefinitions:51 Codigo de respuesta: 204
]]></system-out>
  <system-err><![CDATA[]]></system-err>
</testsuite>
